\BOOKMARK [0][-]{chapter*.1}{\376\377\000R\000e\000m\000e\000r\000c\000i\000e\000m\000e\000n\000t\000s}{}% 1
\BOOKMARK [0][-]{chapter*.2}{\376\377\000R\000\351\000s\000u\000m\000\351}{}% 2
\BOOKMARK [0][-]{chapter*.3}{\376\377\000A\000b\000s\000t\000r\000a\000c\000t}{}% 3
\BOOKMARK [0][-]{chapter*.4}{\376\377\000L\000i\000s\000t\000e\000\040\000d\000e\000s\000\040\000A\000b\000r\000\351\000v\000i\000a\000t\000i\000o\000n\000s}{}% 4
\BOOKMARK [0][-]{chapter.1}{\376\377\000I\000n\000t\000r\000o\000d\000u\000c\000t\000i\000o\000n\000\040\000G\000\351\000n\000\351\000r\000a\000l\000e}{}% 5
\BOOKMARK [1][-]{section.1.1}{\376\377\000P\000r\000\351\000s\000e\000n\000t\000a\000t\000i\000o\000n\000\040\000d\000u\000\040\000P\000r\000o\000j\000e\000t}{chapter.1}% 6
\BOOKMARK [2][-]{subsection.1.1.1}{\376\377\000V\000i\000s\000i\000o\000n\000\040\000d\000u\000\040\000P\000r\000o\000j\000e\000t}{section.1.1}% 7
\BOOKMARK [2][-]{subsection.1.1.2}{\376\377\000P\000o\000s\000i\000t\000i\000o\000n\000n\000e\000m\000e\000n\000t\000\040\000d\000u\000\040\000P\000r\000o\000j\000e\000t}{section.1.1}% 8
\BOOKMARK [1][-]{section.1.2}{\376\377\000C\000o\000n\000t\000e\000x\000t\000e\000\040\000A\000c\000a\000d\000\351\000m\000i\000q\000u\000e}{chapter.1}% 9
\BOOKMARK [2][-]{subsection.1.2.1}{\376\377\000C\000a\000d\000r\000e\000\040\000d\000e\000\040\000F\000o\000r\000m\000a\000t\000i\000o\000n}{section.1.2}% 10
\BOOKMARK [2][-]{subsection.1.2.2}{\376\377\000E\000n\000c\000a\000d\000r\000e\000m\000e\000n\000t}{section.1.2}% 11
\BOOKMARK [2][-]{subsection.1.2.3}{\376\377\000C\000h\000o\000i\000x\000\040\000d\000u\000\040\000P\000r\000o\000j\000e\000t}{section.1.2}% 12
\BOOKMARK [1][-]{section.1.3}{\376\377\000M\000o\000t\000i\000v\000a\000t\000i\000o\000n\000\040\000e\000t\000\040\000E\000n\000j\000e\000u\000x}{chapter.1}% 13
\BOOKMARK [2][-]{subsection.1.3.1}{\376\377\000E\000n\000j\000e\000u\000x\000\040\000\311\000c\000o\000n\000o\000m\000i\000q\000u\000e\000s}{section.1.3}% 14
\BOOKMARK [2][-]{subsection.1.3.2}{\376\377\000E\000n\000j\000e\000u\000x\000\040\000T\000e\000c\000h\000n\000o\000l\000o\000g\000i\000q\000u\000e\000s}{section.1.3}% 15
\BOOKMARK [2][-]{subsection.1.3.3}{\376\377\000E\000n\000j\000e\000u\000x\000\040\000A\000c\000a\000d\000\351\000m\000i\000q\000u\000e\000s\000\040\000e\000t\000\040\000P\000\351\000d\000a\000g\000o\000g\000i\000q\000u\000e\000s}{section.1.3}% 16
\BOOKMARK [1][-]{section.1.4}{\376\377\000P\000o\000r\000t\000\351\000e\000\040\000d\000u\000\040\000P\000r\000o\000j\000e\000t}{chapter.1}% 17
\BOOKMARK [2][-]{subsection.1.4.1}{\376\377\000P\000\351\000r\000i\000m\000\350\000t\000r\000e\000\040\000F\000o\000n\000c\000t\000i\000o\000n\000n\000e\000l}{section.1.4}% 18
\BOOKMARK [2][-]{subsection.1.4.2}{\376\377\000P\000\351\000r\000i\000m\000\350\000t\000r\000e\000\040\000T\000e\000c\000h\000n\000i\000q\000u\000e}{section.1.4}% 19
\BOOKMARK [1][-]{section.1.5}{\376\377\000M\000\351\000t\000h\000o\000d\000o\000l\000o\000g\000i\000e\000\040\000d\000e\000\040\000D\000\351\000v\000e\000l\000o\000p\000p\000e\000m\000e\000n\000t}{chapter.1}% 20
\BOOKMARK [2][-]{subsection.1.5.1}{\376\377\000A\000p\000p\000r\000o\000c\000h\000e\000\040\000A\000g\000i\000l\000e}{section.1.5}% 21
\BOOKMARK [2][-]{subsection.1.5.2}{\376\377\000W\000o\000r\000k\000f\000l\000o\000w\000\040\000G\000i\000t}{section.1.5}% 22
\BOOKMARK [2][-]{subsection.1.5.3}{\376\377\000G\000e\000s\000t\000i\000o\000n\000\040\000d\000e\000\040\000l\000a\000\040\000Q\000u\000a\000l\000i\000t\000\351}{section.1.5}% 23
\BOOKMARK [1][-]{section.1.6}{\376\377\000S\000t\000r\000u\000c\000t\000u\000r\000e\000\040\000d\000u\000\040\000R\000a\000p\000p\000o\000r\000t}{chapter.1}% 24
\BOOKMARK [0][-]{chapter.2}{\376\377\000C\000o\000n\000t\000e\000x\000t\000e\000\040\000e\000t\000\040\000P\000r\000o\000b\000l\000\351\000m\000a\000t\000i\000q\000u\000e}{}% 25
\BOOKMARK [1][-]{section.2.1}{\376\377\000I\000n\000t\000r\000o\000d\000u\000c\000t\000i\000o\000n}{chapter.2}% 26
\BOOKMARK [1][-]{section.2.2}{\376\377\000C\000o\000n\000t\000e\000x\000t\000e\000\040\000I\000n\000d\000u\000s\000t\000r\000i\000e\000l\000\040\000:\000\040\000L\000'\000I\000n\000d\000u\000s\000t\000r\000i\000e\000\040\0004\000.\0000}{chapter.2}% 27
\BOOKMARK [2][-]{subsection.2.2.1}{\376\377\000D\000\351\000f\000i\000n\000i\000t\000i\000o\000n\000\040\000e\000t\000\040\000\311\000v\000o\000l\000u\000t\000i\000o\000n}{section.2.2}% 28
\BOOKMARK [2][-]{subsection.2.2.2}{\376\377\000I\000m\000p\000a\000c\000t\000\040\000s\000u\000r\000\040\000l\000e\000s\000\040\000S\000y\000s\000t\000\350\000m\000e\000s\000\040\000d\000e\000\040\000P\000r\000o\000d\000u\000c\000t\000i\000o\000n}{section.2.2}% 29
\BOOKMARK [2][-]{subsection.2.2.3}{\376\377\000E\000n\000j\000e\000u\000x\000\040\000\311\000c\000o\000n\000o\000m\000i\000q\000u\000e\000s}{section.2.2}% 30
\BOOKMARK [1][-]{section.2.3}{\376\377\000P\000r\000o\000b\000l\000\351\000m\000a\000t\000i\000q\000u\000e\000\040\000d\000e\000\040\000l\000a\000\040\000M\000a\000i\000n\000t\000e\000n\000a\000n\000c\000e\000\040\000I\000n\000d\000u\000s\000t\000r\000i\000e\000l\000l\000e}{chapter.2}% 31
\BOOKMARK [2][-]{subsection.2.3.1}{\376\377\000A\000p\000p\000r\000o\000c\000h\000e\000s\000\040\000T\000r\000a\000d\000i\000t\000i\000o\000n\000n\000e\000l\000l\000e\000s\000\040\000d\000e\000\040\000M\000a\000i\000n\000t\000e\000n\000a\000n\000c\000e}{section.2.3}% 32
\BOOKMARK [2][-]{subsection.2.3.2}{\376\377\000L\000i\000m\000i\000t\000e\000s\000\040\000d\000e\000s\000\040\000A\000p\000p\000r\000o\000c\000h\000e\000s\000\040\000T\000r\000a\000d\000i\000t\000i\000o\000n\000n\000e\000l\000l\000e\000s}{section.2.3}% 33
\BOOKMARK [2][-]{subsection.2.3.3}{\376\377\000\311\000m\000e\000r\000g\000e\000n\000c\000e\000\040\000d\000e\000\040\000l\000a\000\040\000M\000a\000i\000n\000t\000e\000n\000a\000n\000c\000e\000\040\000P\000r\000\351\000d\000i\000c\000t\000i\000v\000e}{section.2.3}% 34
\BOOKMARK [1][-]{section.2.4}{\376\377\000D\000\351\000f\000i\000s\000\040\000T\000e\000c\000h\000n\000i\000q\000u\000e\000s\000\040\000e\000t\000\040\000S\000c\000i\000e\000n\000t\000i\000f\000i\000q\000u\000e\000s}{chapter.2}% 35
\BOOKMARK [2][-]{subsection.2.4.1}{\376\377\000H\000\351\000t\000\351\000r\000o\000g\000\351\000n\000\351\000i\000t\000\351\000\040\000d\000e\000s\000\040\000S\000o\000u\000r\000c\000e\000s\000\040\000d\000e\000\040\000D\000o\000n\000n\000\351\000e\000s\000\040\000I\000I\000o\000T}{section.2.4}% 36
\BOOKMARK [2][-]{subsection.2.4.2}{\376\377\000V\000o\000l\000u\000m\000e\000\040\000e\000t\000\040\000V\000\351\000l\000o\000c\000i\000t\000\351\000\040\000d\000e\000s\000\040\000D\000o\000n\000n\000\351\000e\000s}{section.2.4}% 37
\BOOKMARK [2][-]{subsection.2.4.3}{\376\377\000C\000o\000m\000p\000l\000e\000x\000i\000t\000\351\000\040\000d\000e\000s\000\040\000M\000o\000d\000\350\000l\000e\000s\000\040\000d\000e\000\040\000M\000a\000c\000h\000i\000n\000e\000\040\000L\000e\000a\000r\000n\000i\000n\000g}{section.2.4}% 38
\BOOKMARK [2][-]{subsection.2.4.4}{\376\377\000Q\000u\000a\000l\000i\000t\000\351\000\040\000e\000t\000\040\000F\000i\000a\000b\000i\000l\000i\000t\000\351\000\040\000d\000e\000s\000\040\000D\000o\000n\000n\000\351\000e\000s}{section.2.4}% 39
\BOOKMARK [2][-]{subsection.2.4.5}{\376\377\000D\000\351\000p\000l\000o\000i\000e\000m\000e\000n\000t\000\040\000e\000t\000\040\000M\000L\000O\000p\000s}{section.2.4}% 40
\BOOKMARK [1][-]{section.2.5}{\376\377\000P\000r\000o\000b\000l\000\351\000m\000a\000t\000i\000q\000u\000e\000\040\000d\000u\000\040\000P\000r\000o\000j\000e\000t\000\040\000M\000A\000N\000T\000I\000S}{chapter.2}% 41
\BOOKMARK [2][-]{subsection.2.5.1}{\376\377\000S\000o\000u\000s\000-\000P\000r\000o\000b\000l\000\351\000m\000a\000t\000i\000q\000u\000e\000\040\0001\000\040\000:\000\040\000A\000r\000c\000h\000i\000t\000e\000c\000t\000u\000r\000e\000\040\000D\000i\000s\000t\000r\000i\000b\000u\000\351\000e}{section.2.5}% 42
\BOOKMARK [2][-]{subsection.2.5.2}{\376\377\000S\000o\000u\000s\000-\000P\000r\000o\000b\000l\000\351\000m\000a\000t\000i\000q\000u\000e\000\040\0002\000\040\000:\000\040\000I\000n\000g\000e\000s\000t\000i\000o\000n\000\040\000d\000e\000\040\000D\000o\000n\000n\000\351\000e\000s\000\040\000I\000I\000o\000T}{section.2.5}% 43
\BOOKMARK [2][-]{subsection.2.5.3}{\376\377\000S\000o\000u\000s\000-\000P\000r\000o\000b\000l\000\351\000m\000a\000t\000i\000q\000u\000e\000\040\0003\000\040\000:\000\040\000P\000i\000p\000e\000l\000i\000n\000e\000\040\000d\000e\000\040\000P\000r\000\351\000t\000r\000a\000i\000t\000e\000m\000e\000n\000t}{section.2.5}% 44
\BOOKMARK [2][-]{subsection.2.5.4}{\376\377\000S\000o\000u\000s\000-\000P\000r\000o\000b\000l\000\351\000m\000a\000t\000i\000q\000u\000e\000\040\0004\000\040\000:\000\040\000M\000o\000d\000\351\000l\000i\000s\000a\000t\000i\000o\000n\000\040\000e\000t\000\040\000P\000r\000\351\000d\000i\000c\000t\000i\000o\000n}{section.2.5}% 45
\BOOKMARK [2][-]{subsection.2.5.5}{\376\377\000S\000o\000u\000s\000-\000P\000r\000o\000b\000l\000\351\000m\000a\000t\000i\000q\000u\000e\000\040\0005\000\040\000:\000\040\000M\000L\000O\000p\000s\000\040\000e\000t\000\040\000D\000\351\000p\000l\000o\000i\000e\000m\000e\000n\000t}{section.2.5}% 46
\BOOKMARK [2][-]{subsection.2.5.6}{\376\377\000S\000o\000u\000s\000-\000P\000r\000o\000b\000l\000\351\000m\000a\000t\000i\000q\000u\000e\000\040\0006\000\040\000:\000\040\000O\000b\000s\000e\000r\000v\000a\000b\000i\000l\000i\000t\000\351\000\040\000e\000t\000\040\000M\000o\000n\000i\000t\000o\000r\000i\000n\000g}{section.2.5}% 47
\BOOKMARK [1][-]{section.2.6}{\376\377\000Q\000u\000e\000s\000t\000i\000o\000n\000s\000\040\000d\000e\000\040\000R\000e\000c\000h\000e\000r\000c\000h\000e}{chapter.2}% 48
\BOOKMARK [1][-]{section.2.7}{\376\377\000P\000\351\000r\000i\000m\000\350\000t\000r\000e\000\040\000e\000t\000\040\000H\000y\000p\000o\000t\000h\000\350\000s\000e\000s\000\040\000d\000u\000\040\000P\000r\000o\000j\000e\000t}{chapter.2}% 49
\BOOKMARK [2][-]{subsection.2.7.1}{\376\377\000P\000\351\000r\000i\000m\000\350\000t\000r\000e}{section.2.7}% 50
\BOOKMARK [2][-]{subsection.2.7.2}{\376\377\000H\000y\000p\000o\000t\000h\000\350\000s\000e\000s}{section.2.7}% 51
\BOOKMARK [1][-]{section.2.8}{\376\377\000C\000o\000n\000c\000l\000u\000s\000i\000o\000n}{chapter.2}% 52
\BOOKMARK [0][-]{chapter.3}{\376\377\000O\000b\000j\000e\000c\000t\000i\000f\000s\000\040\000d\000u\000\040\000P\000r\000o\000j\000e\000t}{}% 53
\BOOKMARK [1][-]{section.3.1}{\376\377\000I\000n\000t\000r\000o\000d\000u\000c\000t\000i\000o\000n}{chapter.3}% 54
\BOOKMARK [1][-]{section.3.2}{\376\377\000O\000b\000j\000e\000c\000t\000i\000f\000\040\000G\000l\000o\000b\000a\000l}{chapter.3}% 55
\BOOKMARK [1][-]{section.3.3}{\376\377\000O\000b\000j\000e\000c\000t\000i\000f\000s\000\040\000F\000o\000n\000c\000t\000i\000o\000n\000n\000e\000l\000s}{chapter.3}% 56
\BOOKMARK [2][-]{subsection.3.3.1}{\376\377\000O\000F\0001\000\040\000:\000\040\000I\000n\000g\000e\000s\000t\000i\000o\000n\000\040\000M\000u\000l\000t\000i\000-\000P\000r\000o\000t\000o\000c\000o\000l\000e\000\040\000d\000e\000\040\000D\000o\000n\000n\000\351\000e\000s\000\040\000I\000I\000o\000T}{section.3.3}% 57
\BOOKMARK [2][-]{subsection.3.3.2}{\376\377\000O\000F\0002\000\040\000:\000\040\000P\000r\000\351\000t\000r\000a\000i\000t\000e\000m\000e\000n\000t\000\040\000e\000t\000\040\000N\000e\000t\000t\000o\000y\000a\000g\000e\000\040\000d\000e\000s\000\040\000D\000o\000n\000n\000\351\000e\000s}{section.3.3}% 58
\BOOKMARK [2][-]{subsection.3.3.3}{\376\377\000O\000F\0003\000\040\000:\000\040\000P\000r\000\351\000d\000i\000c\000t\000i\000o\000n\000\040\000d\000e\000\040\000l\000a\000\040\000D\000u\000r\000\351\000e\000\040\000d\000e\000\040\000V\000i\000e\000\040\000R\000\351\000s\000i\000d\000u\000e\000l\000l\000e\000\040\000\050\000R\000U\000L\000\051}{section.3.3}% 59
\BOOKMARK [2][-]{subsection.3.3.4}{\376\377\000O\000F\0004\000\040\000:\000\040\000D\000\351\000t\000e\000c\000t\000i\000o\000n\000\040\000d\000'\000A\000n\000o\000m\000a\000l\000i\000e\000s\000\040\000T\000e\000m\000p\000s\000\040\000R\000\351\000e\000l}{section.3.3}% 60
\BOOKMARK [2][-]{subsection.3.3.5}{\376\377\000O\000F\0005\000\040\000:\000\040\000N\000o\000t\000i\000f\000i\000c\000a\000t\000i\000o\000n\000s\000\040\000e\000t\000\040\000A\000l\000e\000r\000t\000e\000s\000\040\000T\000e\000m\000p\000s\000\040\000R\000\351\000e\000l}{section.3.3}% 61
\BOOKMARK [2][-]{subsection.3.3.6}{\376\377\000O\000F\0006\000\040\000:\000\040\000G\000e\000s\000t\000i\000o\000n\000\040\000d\000u\000\040\000C\000y\000c\000l\000e\000\040\000d\000e\000\040\000V\000i\000e\000\040\000d\000e\000s\000\040\000M\000o\000d\000\350\000l\000e\000s\000\040\000\050\000M\000L\000O\000p\000s\000\051}{section.3.3}% 62
\BOOKMARK [1][-]{section.3.4}{\376\377\000O\000b\000j\000e\000c\000t\000i\000f\000s\000\040\000T\000e\000c\000h\000n\000i\000q\000u\000e\000s}{chapter.3}% 63
\BOOKMARK [2][-]{subsection.3.4.1}{\376\377\000O\000T\0001\000\040\000:\000\040\000A\000r\000c\000h\000i\000t\000e\000c\000t\000u\000r\000e\000\040\000M\000i\000c\000r\000o\000s\000e\000r\000v\000i\000c\000e\000s\000\040\000M\000o\000d\000u\000l\000a\000i\000r\000e}{section.3.4}% 64
\BOOKMARK [2][-]{subsection.3.4.2}{\376\377\000O\000T\0002\000\040\000:\000\040\000E\000v\000e\000n\000t\000-\000D\000r\000i\000v\000e\000n\000\040\000A\000r\000c\000h\000i\000t\000e\000c\000t\000u\000r\000e\000\040\000a\000v\000e\000c\000\040\000A\000p\000a\000c\000h\000e\000\040\000K\000a\000f\000k\000a}{section.3.4}% 65
\BOOKMARK [2][-]{subsection.3.4.3}{\376\377\000O\000T\0003\000\040\000:\000\040\000B\000a\000s\000e\000s\000\040\000d\000e\000\040\000D\000o\000n\000n\000\351\000e\000s\000\040\000T\000i\000m\000e\000-\000S\000e\000r\000i\000e\000s\000\040\000e\000t\000\040\000R\000e\000l\000a\000t\000i\000o\000n\000n\000e\000l\000l\000e\000s}{section.3.4}% 66
\BOOKMARK [2][-]{subsection.3.4.4}{\376\377\000O\000T\0004\000\040\000:\000\040\000I\000n\000f\000r\000a\000s\000t\000r\000u\000c\000t\000u\000r\000e\000\040\000D\000e\000v\000O\000p\000s\000\040\000e\000t\000\040\000C\000I\000/\000C\000D}{section.3.4}% 67
\BOOKMARK [2][-]{subsection.3.4.5}{\376\377\000O\000T\0005\000\040\000:\000\040\000O\000b\000s\000e\000r\000v\000a\000b\000i\000l\000i\000t\000\351\000\040\000C\000o\000m\000p\000l\000\350\000t\000e\000\040\000\050\000M\000o\000n\000i\000t\000o\000r\000i\000n\000g\000,\000\040\000L\000o\000g\000g\000i\000n\000g\000,\000\040\000T\000r\000a\000c\000i\000n\000g\000\051}{section.3.4}% 68
\BOOKMARK [1][-]{section.3.5}{\376\377\000O\000b\000j\000e\000c\000t\000i\000f\000s\000\040\000N\000o\000n\000-\000F\000o\000n\000c\000t\000i\000o\000n\000n\000e\000l\000s}{chapter.3}% 69
\BOOKMARK [2][-]{subsection.3.5.1}{\376\377\000O\000N\000F\0001\000\040\000:\000\040\000P\000e\000r\000f\000o\000r\000m\000a\000n\000c\000e\000\040\000e\000t\000\040\000S\000c\000a\000l\000a\000b\000i\000l\000i\000t\000\351}{section.3.5}% 70
\BOOKMARK [2][-]{subsection.3.5.2}{\376\377\000O\000N\000F\0002\000\040\000:\000\040\000D\000i\000s\000p\000o\000n\000i\000b\000i\000l\000i\000t\000\351\000\040\000e\000t\000\040\000R\000\351\000s\000i\000l\000i\000e\000n\000c\000e}{section.3.5}% 71
\BOOKMARK [2][-]{subsection.3.5.3}{\376\377\000O\000N\000F\0003\000\040\000:\000\040\000S\000\351\000c\000u\000r\000i\000t\000\351}{section.3.5}% 72
\BOOKMARK [2][-]{subsection.3.5.4}{\376\377\000O\000N\000F\0004\000\040\000:\000\040\000M\000a\000i\000n\000t\000e\000n\000a\000b\000i\000l\000i\000t\000\351\000\040\000e\000t\000\040\000Q\000u\000a\000l\000i\000t\000\351\000\040\000d\000u\000\040\000C\000o\000d\000e}{section.3.5}% 73
\BOOKMARK [2][-]{subsection.3.5.5}{\376\377\000O\000N\000F\0005\000\040\000:\000\040\000R\000e\000p\000r\000o\000d\000u\000c\000t\000i\000b\000i\000l\000i\000t\000\351\000\040\000e\000t\000\040\000V\000e\000r\000s\000i\000o\000n\000i\000n\000g}{section.3.5}% 74
\BOOKMARK [1][-]{section.3.6}{\376\377\000S\000y\000n\000t\000h\000\350\000s\000e\000\040\000d\000e\000s\000\040\000O\000b\000j\000e\000c\000t\000i\000f\000s\000\040\000e\000t\000\040\000K\000P\000I\000s}{chapter.3}% 75
\BOOKMARK [1][-]{section.3.7}{\376\377\000P\000r\000i\000o\000r\000i\000s\000a\000t\000i\000o\000n\000\040\000d\000e\000s\000\040\000O\000b\000j\000e\000c\000t\000i\000f\000s}{chapter.3}% 76
\BOOKMARK [2][-]{subsection.3.7.1}{\376\377\000M\000u\000s\000t\000\040\000H\000a\000v\000e\000\040\000\050\000C\000r\000i\000t\000i\000q\000u\000e\000\051}{section.3.7}% 77
\BOOKMARK [2][-]{subsection.3.7.2}{\376\377\000S\000h\000o\000u\000l\000d\000\040\000H\000a\000v\000e\000\040\000\050\000I\000m\000p\000o\000r\000t\000a\000n\000t\000\051}{section.3.7}% 78
\BOOKMARK [2][-]{subsection.3.7.3}{\376\377\000C\000o\000u\000l\000d\000\040\000H\000a\000v\000e\000\040\000\050\000S\000o\000u\000h\000a\000i\000t\000a\000b\000l\000e\000\051}{section.3.7}% 79
\BOOKMARK [2][-]{subsection.3.7.4}{\376\377\000W\000o\000n\000'\000t\000\040\000H\000a\000v\000e\000\040\000\050\000H\000o\000r\000s\000\040\000s\000c\000o\000p\000e\000\040\000v\0001\000.\0000\000\051}{section.3.7}% 80
\BOOKMARK [1][-]{section.3.8}{\376\377\000C\000o\000n\000c\000l\000u\000s\000i\000o\000n}{chapter.3}% 81
\BOOKMARK [0][-]{chapter.4}{\376\377\000\311\000t\000a\000t\000\040\000d\000e\000\040\000l\000'\000A\000r\000t}{}% 82
\BOOKMARK [1][-]{section.4.1}{\376\377\000I\000n\000t\000r\000o\000d\000u\000c\000t\000i\000o\000n}{chapter.4}% 83
\BOOKMARK [1][-]{section.4.2}{\376\377\000M\000a\000i\000n\000t\000e\000n\000a\000n\000c\000e\000\040\000P\000r\000\351\000d\000i\000c\000t\000i\000v\000e\000\040\000e\000t\000\040\000P\000r\000\351\000d\000i\000c\000t\000i\000o\000n\000\040\000d\000e\000\040\000R\000U\000L}{chapter.4}% 84
\BOOKMARK [2][-]{subsection.4.2.1}{\376\377\000D\000\351\000f\000i\000n\000i\000t\000i\000o\000n\000s\000\040\000e\000t\000\040\000T\000a\000x\000o\000n\000o\000m\000i\000e}{section.4.2}% 85
\BOOKMARK [2][-]{subsection.4.2.2}{\376\377\000\311\000t\000a\000t\000\040\000d\000e\000\040\000l\000'\000A\000r\000t\000\040\000A\000c\000a\000d\000\351\000m\000i\000q\000u\000e}{section.4.2}% 86
\BOOKMARK [2][-]{subsection.4.2.3}{\376\377\000B\000e\000n\000c\000h\000m\000a\000r\000k\000s\000\040\000s\000u\000r\000\040\000N\000A\000S\000A\000\040\000C\000-\000M\000A\000P\000S\000S}{section.4.2}% 87
\BOOKMARK [1][-]{section.4.3}{\376\377\000D\000e\000e\000p\000\040\000L\000e\000a\000r\000n\000i\000n\000g\000\040\000p\000o\000u\000r\000\040\000S\000\351\000r\000i\000e\000s\000\040\000T\000e\000m\000p\000o\000r\000e\000l\000l\000e\000s}{chapter.4}% 88
\BOOKMARK [2][-]{subsection.4.3.1}{\376\377\000R\000\351\000s\000e\000a\000u\000x\000\040\000d\000e\000\040\000N\000e\000u\000r\000o\000n\000e\000s\000\040\000R\000\351\000c\000u\000r\000r\000e\000n\000t\000s\000\040\000\050\000R\000N\000N\000\051}{section.4.3}% 89
\BOOKMARK [2][-]{subsection.4.3.2}{\376\377\000T\000r\000a\000n\000s\000f\000o\000r\000m\000e\000r\000s\000\040\000p\000o\000u\000r\000\040\000S\000\351\000r\000i\000e\000s\000\040\000T\000e\000m\000p\000o\000r\000e\000l\000l\000e\000s}{section.4.3}% 90
\BOOKMARK [2][-]{subsection.4.3.3}{\376\377\000C\000o\000m\000p\000a\000r\000a\000i\000s\000o\000n\000\040\000L\000S\000T\000M\000\040\000v\000s\000.\000\040\000G\000R\000U\000\040\000v\000s\000.\000\040\000T\000r\000a\000n\000s\000f\000o\000r\000m\000e\000r}{section.4.3}% 91
\BOOKMARK [1][-]{section.4.4}{\376\377\000A\000r\000c\000h\000i\000t\000e\000c\000t\000u\000r\000e\000s\000\040\000M\000i\000c\000r\000o\000s\000e\000r\000v\000i\000c\000e\000s\000\040\000e\000t\000\040\000E\000v\000e\000n\000t\000-\000D\000r\000i\000v\000e\000n}{chapter.4}% 92
\BOOKMARK [2][-]{subsection.4.4.1}{\376\377\000P\000r\000i\000n\000c\000i\000p\000e\000s\000\040\000d\000e\000s\000\040\000M\000i\000c\000r\000o\000s\000e\000r\000v\000i\000c\000e\000s}{section.4.4}% 93
\BOOKMARK [2][-]{subsection.4.4.2}{\376\377\000E\000v\000e\000n\000t\000-\000D\000r\000i\000v\000e\000n\000\040\000A\000r\000c\000h\000i\000t\000e\000c\000t\000u\000r\000e\000\040\000\050\000E\000D\000A\000\051}{section.4.4}% 94
\BOOKMARK [1][-]{section.4.5}{\376\377\000P\000r\000o\000t\000o\000c\000o\000l\000e\000s\000\040\000e\000t\000\040\000S\000t\000a\000n\000d\000a\000r\000d\000s\000\040\000I\000I\000o\000T}{chapter.4}% 95
\BOOKMARK [2][-]{subsection.4.5.1}{\376\377\000O\000P\000C\000\040\000U\000A\000\040\000\050\000O\000p\000e\000n\000\040\000P\000l\000a\000t\000f\000o\000r\000m\000\040\000C\000o\000m\000m\000u\000n\000i\000c\000a\000t\000i\000o\000n\000s\000\040\000U\000n\000i\000f\000i\000e\000d\000\040\000A\000r\000c\000h\000i\000t\000e\000c\000t\000u\000r\000e\000\051}{section.4.5}% 96
\BOOKMARK [2][-]{subsection.4.5.2}{\376\377\000M\000Q\000T\000T\000\040\000\050\000M\000e\000s\000s\000a\000g\000e\000\040\000Q\000u\000e\000u\000i\000n\000g\000\040\000T\000e\000l\000e\000m\000e\000t\000r\000y\000\040\000T\000r\000a\000n\000s\000p\000o\000r\000t\000\051}{section.4.5}% 97
\BOOKMARK [2][-]{subsection.4.5.3}{\376\377\000M\000o\000d\000b\000u\000s}{section.4.5}% 98
\BOOKMARK [2][-]{subsection.4.5.4}{\376\377\000C\000o\000m\000p\000a\000r\000a\000i\000s\000o\000n\000\040\000O\000P\000C\000\040\000U\000A\000\040\000v\000s\000.\000\040\000M\000Q\000T\000T\000\040\000v\000s\000.\000\040\000M\000o\000d\000b\000u\000s}{section.4.5}% 99
\BOOKMARK [1][-]{section.4.6}{\376\377\000M\000L\000O\000p\000s\000\040\000:\000\040\000D\000e\000v\000O\000p\000s\000\040\000p\000o\000u\000r\000\040\000M\000a\000c\000h\000i\000n\000e\000\040\000L\000e\000a\000r\000n\000i\000n\000g}{chapter.4}% 100
\BOOKMARK [2][-]{subsection.4.6.1}{\376\377\000P\000r\000i\000n\000c\000i\000p\000e\000s\000\040\000M\000L\000O\000p\000s}{section.4.6}% 101
\BOOKMARK [2][-]{subsection.4.6.2}{\376\377\000C\000o\000m\000p\000o\000s\000a\000n\000t\000s\000\040\000C\000l\000\351\000s}{section.4.6}% 102
\BOOKMARK [2][-]{subsection.4.6.3}{\376\377\000P\000i\000p\000e\000l\000i\000n\000e\000\040\000M\000L\000O\000p\000s\000\040\000C\000o\000m\000p\000l\000e\000t}{section.4.6}% 103
\BOOKMARK [1][-]{section.4.7}{\376\377\000S\000y\000n\000t\000h\000\350\000s\000e\000\040\000e\000t\000\040\000P\000o\000s\000i\000t\000i\000o\000n\000n\000e\000m\000e\000n\000t\000\040\000d\000e\000\040\000M\000A\000N\000T\000I\000S}{chapter.4}% 104
\BOOKMARK [2][-]{subsection.4.7.1}{\376\377\000C\000h\000o\000i\000x\000\040\000T\000e\000c\000h\000n\000o\000l\000o\000g\000i\000q\000u\000e\000s\000\040\000d\000e\000\040\000M\000A\000N\000T\000I\000S}{section.4.7}% 105
\BOOKMARK [2][-]{subsection.4.7.2}{\376\377\000P\000o\000s\000i\000t\000i\000o\000n\000n\000e\000m\000e\000n\000t\000\040\000p\000a\000r\000\040\000R\000a\000p\000p\000o\000r\000t\000\040\000\340\000\040\000l\000'\000\311\000t\000a\000t\000\040\000d\000e\000\040\000l\000'\000A\000r\000t}{section.4.7}% 106
\BOOKMARK [1][-]{section.4.8}{\376\377\000C\000o\000n\000c\000l\000u\000s\000i\000o\000n}{chapter.4}% 107
\BOOKMARK [0][-]{chapter.5}{\376\377\000A\000n\000a\000l\000y\000s\000e\000\040\000e\000t\000\040\000C\000o\000n\000c\000e\000p\000t\000i\000o\000n}{}% 108
\BOOKMARK [1][-]{section.5.1}{\376\377\000I\000n\000t\000r\000o\000d\000u\000c\000t\000i\000o\000n}{chapter.5}% 109
\BOOKMARK [1][-]{section.5.2}{\376\377\000P\000r\000o\000c\000e\000s\000s\000u\000s\000\040\000M\000\351\000t\000i\000e\000r\000s\000\040\000\050\000B\000P\000M\000N\000\051}{chapter.5}% 110
\BOOKMARK [2][-]{subsection.5.2.1}{\376\377\000D\000e\000s\000c\000r\000i\000p\000t\000i\000o\000n\000\040\000D\000\351\000t\000a\000i\000l\000l\000\351\000e}{section.5.2}% 111
\BOOKMARK [1][-]{section.5.3}{\376\377\000A\000n\000a\000l\000y\000s\000e\000\040\000F\000o\000n\000c\000t\000i\000o\000n\000n\000e\000l\000l\000e}{chapter.5}% 112
\BOOKMARK [2][-]{subsection.5.3.1}{\376\377\000D\000i\000a\000g\000r\000a\000m\000m\000e\000\040\000d\000e\000\040\000C\000a\000s\000\040\000d\000'\000U\000t\000i\000l\000i\000s\000a\000t\000i\000o\000n}{section.5.3}% 113
\BOOKMARK [1][-]{section.5.4}{\376\377\000C\000o\000n\000c\000e\000p\000t\000i\000o\000n\000\040\000D\000\351\000t\000a\000i\000l\000l\000\351\000e\000\040\000d\000e\000s\000\040\000M\000i\000c\000r\000o\000s\000e\000r\000v\000i\000c\000e\000s}{chapter.5}% 114
\BOOKMARK [2][-]{subsection.5.4.1}{\376\377\000S\000e\000r\000v\000i\000c\000e\000\040\000I\000n\000g\000e\000s\000t\000i\000o\000n}{section.5.4}% 115
\BOOKMARK [2][-]{subsection.5.4.2}{\376\377\000S\000e\000r\000v\000i\000c\000e\000\040\000P\000r\000e\000d\000i\000c\000t\000i\000o\000n}{section.5.4}% 116
\BOOKMARK [1][-]{section.5.5}{\376\377\000V\000u\000e\000\040\000D\000y\000n\000a\000m\000i\000q\000u\000e\000\040\000\050\000D\000i\000a\000g\000r\000a\000m\000m\000e\000s\000\040\000d\000e\000\040\000S\000\351\000q\000u\000e\000n\000c\000e\000\051}{chapter.5}% 117
\BOOKMARK [2][-]{subsection.5.5.1}{\376\377\000S\000\351\000q\000u\000e\000n\000c\000e\000\040\000d\000'\000I\000n\000g\000e\000s\000t\000i\000o\000n\000\040\000O\000P\000C\000\040\000U\000A}{section.5.5}% 118
\BOOKMARK [2][-]{subsection.5.5.2}{\376\377\000S\000\351\000q\000u\000e\000n\000c\000e\000\040\000d\000e\000\040\000P\000r\000\351\000d\000i\000c\000t\000i\000o\000n\000\040\000R\000U\000L}{section.5.5}% 119
\BOOKMARK [1][-]{section.5.6}{\376\377\000A\000r\000c\000h\000i\000t\000e\000c\000t\000u\000r\000e\000\040\000G\000l\000o\000b\000a\000l\000e\000\040\000d\000u\000\040\000S\000y\000s\000t\000\350\000m\000e}{chapter.5}% 120
\BOOKMARK [2][-]{subsection.5.6.1}{\376\377\000V\000u\000e\000\040\000d\000'\000E\000n\000s\000e\000m\000b\000l\000e}{section.5.6}% 121
\BOOKMARK [1][-]{section.5.7}{\376\377\000M\000o\000d\000\350\000l\000e\000s\000\040\000d\000e\000\040\000D\000o\000n\000n\000\351\000e\000s}{chapter.5}% 122
\BOOKMARK [2][-]{subsection.5.7.1}{\376\377\000S\000c\000h\000\351\000m\000a\000\040\000d\000e\000\040\000B\000a\000s\000e\000\040\000d\000e\000\040\000D\000o\000n\000n\000\351\000e\000s\000\040\000T\000i\000m\000e\000s\000c\000a\000l\000e\000D\000B}{section.5.7}% 123
\BOOKMARK [1][-]{section.5.8}{\376\377\000M\000a\000q\000u\000e\000t\000t\000e\000s\000\040\000U\000I\000/\000U\000X}{chapter.5}% 124
\BOOKMARK [2][-]{subsection.5.8.1}{\376\377\000D\000a\000s\000h\000b\000o\000a\000r\000d\000\040\000P\000r\000i\000n\000c\000i\000p\000a\000l}{section.5.8}% 125
\BOOKMARK [2][-]{subsection.5.8.2}{\376\377\000V\000u\000e\000\040\000D\000\351\000t\000a\000i\000l\000\040\000M\000a\000c\000h\000i\000n\000e}{section.5.8}% 126
\BOOKMARK [1][-]{section.5.9}{\376\377\000J\000u\000s\000t\000i\000f\000i\000c\000a\000t\000i\000o\000n\000s\000\040\000d\000e\000s\000\040\000C\000h\000o\000i\000x\000\040\000d\000e\000\040\000C\000o\000n\000c\000e\000p\000t\000i\000o\000n}{chapter.5}% 127
\BOOKMARK [2][-]{subsection.5.9.1}{\376\377\000A\000r\000c\000h\000i\000t\000e\000c\000t\000u\000r\000e\000\040\000\311\000v\000\351\000n\000e\000m\000e\000n\000t\000i\000e\000l\000l\000e}{section.5.9}% 128
\BOOKMARK [2][-]{subsection.5.9.2}{\376\377\000M\000i\000c\000r\000o\000s\000e\000r\000v\000i\000c\000e\000s\000\040\000v\000s\000\040\000M\000o\000n\000o\000l\000i\000t\000h\000e}{section.5.9}% 129
\BOOKMARK [1][-]{section.5.10}{\376\377\000C\000o\000n\000c\000l\000u\000s\000i\000o\000n}{chapter.5}% 130
\BOOKMARK [0][-]{chapter.6}{\376\377\000A\000r\000c\000h\000i\000t\000e\000c\000t\000u\000r\000e\000\040\000T\000e\000c\000h\000n\000i\000q\000u\000e}{}% 131
\BOOKMARK [1][-]{section.6.1}{\376\377\000I\000n\000t\000r\000o\000d\000u\000c\000t\000i\000o\000n}{chapter.6}% 132
\BOOKMARK [1][-]{section.6.2}{\376\377\000V\000u\000e\000\040\000d\000'\000E\000n\000s\000e\000m\000b\000l\000e\000\040\000d\000u\000\040\000S\000y\000s\000t\000\350\000m\000e}{chapter.6}% 133
\BOOKMARK [2][-]{subsection.6.2.1}{\376\377\000A\000r\000c\000h\000i\000t\000e\000c\000t\000u\000r\000e\000\040\000G\000l\000o\000b\000a\000l\000e}{section.6.2}% 134
\BOOKMARK [2][-]{subsection.6.2.2}{\376\377\000F\000l\000u\000x\000\040\000d\000e\000\040\000D\000o\000n\000n\000\351\000e\000s\000\040\000P\000r\000i\000n\000c\000i\000p\000a\000l}{section.6.2}% 135
\BOOKMARK [1][-]{section.6.3}{\376\377\000D\000\351\000t\000a\000i\000l\000\040\000d\000e\000s\000\040\000M\000i\000c\000r\000o\000s\000e\000r\000v\000i\000c\000e\000s}{chapter.6}% 136
\BOOKMARK [2][-]{subsection.6.3.1}{\376\377\000I\000n\000g\000e\000s\000t\000i\000o\000n\000\040\000S\000e\000r\000v\000i\000c\000e}{section.6.3}% 137
\BOOKMARK [2][-]{subsection.6.3.2}{\376\377\000P\000r\000e\000p\000r\000o\000c\000e\000s\000s\000i\000n\000g\000\040\000S\000e\000r\000v\000i\000c\000e}{section.6.3}% 138
\BOOKMARK [2][-]{subsection.6.3.3}{\376\377\000P\000r\000e\000d\000i\000c\000t\000i\000o\000n\000\040\000S\000e\000r\000v\000i\000c\000e}{section.6.3}% 139
\BOOKMARK [2][-]{subsection.6.3.4}{\376\377\000A\000n\000o\000m\000a\000l\000y\000\040\000D\000e\000t\000e\000c\000t\000i\000o\000n\000\040\000S\000e\000r\000v\000i\000c\000e}{section.6.3}% 140
\BOOKMARK [2][-]{subsection.6.3.5}{\376\377\000N\000o\000t\000i\000f\000i\000c\000a\000t\000i\000o\000n\000\040\000S\000e\000r\000v\000i\000c\000e}{section.6.3}% 141
\BOOKMARK [2][-]{subsection.6.3.6}{\376\377\000T\000r\000a\000i\000n\000i\000n\000g\000\040\000S\000e\000r\000v\000i\000c\000e}{section.6.3}% 142
\BOOKMARK [2][-]{subsection.6.3.7}{\376\377\000A\000P\000I\000\040\000G\000a\000t\000e\000w\000a\000y}{section.6.3}% 143
\BOOKMARK [1][-]{section.6.4}{\376\377\000A\000p\000a\000c\000h\000e\000\040\000K\000a\000f\000k\000a\000\040\000:\000\040\000B\000u\000s\000\040\000d\000'\000\311\000v\000\351\000n\000e\000m\000e\000n\000t\000s}{chapter.6}% 144
\BOOKMARK [2][-]{subsection.6.4.1}{\376\377\000T\000o\000p\000i\000c\000s\000\040\000K\000a\000f\000k\000a}{section.6.4}% 145
\BOOKMARK [1][-]{section.6.5}{\376\377\000B\000a\000s\000e\000s\000\040\000d\000e\000\040\000D\000o\000n\000n\000\351\000e\000s}{chapter.6}% 146
\BOOKMARK [2][-]{subsection.6.5.1}{\376\377\000T\000i\000m\000e\000s\000c\000a\000l\000e\000D\000B}{section.6.5}% 147
\BOOKMARK [2][-]{subsection.6.5.2}{\376\377\000P\000o\000s\000t\000g\000r\000e\000S\000Q\000L}{section.6.5}% 148
\BOOKMARK [1][-]{section.6.6}{\376\377\000I\000n\000f\000r\000a\000s\000t\000r\000u\000c\000t\000u\000r\000e\000\040\000D\000e\000v\000O\000p\000s}{chapter.6}% 149
\BOOKMARK [2][-]{subsection.6.6.1}{\376\377\000C\000o\000n\000t\000a\000i\000n\000e\000r\000i\000s\000a\000t\000i\000o\000n\000\040\000\050\000D\000o\000c\000k\000e\000r\000\051}{section.6.6}% 150
\BOOKMARK [2][-]{subsection.6.6.2}{\376\377\000O\000r\000c\000h\000e\000s\000t\000r\000a\000t\000i\000o\000n\000\040\000\050\000K\000u\000b\000e\000r\000n\000e\000t\000e\000s\000\051}{section.6.6}% 151
\BOOKMARK [1][-]{section.6.7}{\376\377\000O\000b\000s\000e\000r\000v\000a\000b\000i\000l\000i\000t\000\351}{chapter.6}% 152
\BOOKMARK [2][-]{subsection.6.7.1}{\376\377\000A\000r\000c\000h\000i\000t\000e\000c\000t\000u\000r\000e\000\040\000M\000o\000n\000i\000t\000o\000r\000i\000n\000g}{section.6.7}% 153
\BOOKMARK [1][-]{section.6.8}{\376\377\000D\000\351\000c\000i\000s\000i\000o\000n\000s\000\040\000A\000r\000c\000h\000i\000t\000e\000c\000t\000u\000r\000a\000l\000e\000s\000\040\000C\000l\000\351\000s}{chapter.6}% 154
\BOOKMARK [2][-]{subsection.6.8.1}{\376\377\000A\000D\000R\000-\0000\0000\0001\000\040\000:\000\040\000C\000h\000o\000i\000x\000\040\000d\000e\000\040\000l\000'\000A\000r\000c\000h\000i\000t\000e\000c\000t\000u\000r\000e\000\040\000M\000i\000c\000r\000o\000s\000e\000r\000v\000i\000c\000e\000s\000\040\000\311\000v\000\351\000n\000e\000m\000e\000n\000t\000i\000e\000l\000l\000e}{section.6.8}% 155
\BOOKMARK [2][-]{subsection.6.8.2}{\376\377\000A\000D\000R\000-\0000\0000\0002\000\040\000:\000\040\000C\000h\000o\000i\000x\000\040\000d\000e\000\040\000K\000a\000f\000k\000a\000\040\000c\000o\000m\000m\000e\000\040\000E\000v\000e\000n\000t\000\040\000B\000u\000s}{section.6.8}% 156
\BOOKMARK [2][-]{subsection.6.8.3}{\376\377\000A\000D\000R\000-\0000\0000\0003\000\040\000:\000\040\000C\000h\000o\000i\000x\000\040\000d\000e\000\040\000L\000S\000T\000M\000\040\000p\000o\000u\000r\000\040\000R\000U\000L\000\040\000P\000r\000e\000d\000i\000c\000t\000i\000o\000n}{section.6.8}% 157
\BOOKMARK [2][-]{subsection.6.8.4}{\376\377\000A\000D\000R\000-\0000\0000\0004\000\040\000:\000\040\000C\000h\000o\000i\000x\000\040\000d\000e\000\040\000T\000i\000m\000e\000s\000c\000a\000l\000e\000D\000B\000\040\000p\000o\000u\000r\000\040\000S\000\351\000r\000i\000e\000s\000\040\000T\000e\000m\000p\000o\000r\000e\000l\000l\000e\000s}{section.6.8}% 158
\BOOKMARK [1][-]{section.6.9}{\376\377\000P\000a\000t\000t\000e\000r\000n\000s\000\040\000A\000r\000c\000h\000i\000t\000e\000c\000t\000u\000r\000a\000u\000x\000\040\000I\000m\000p\000l\000\351\000m\000e\000n\000t\000\351\000s}{chapter.6}% 159
\BOOKMARK [2][-]{subsection.6.9.1}{\376\377\000P\000a\000t\000t\000e\000r\000n\000\040\000E\000v\000e\000n\000t\000\040\000S\000o\000u\000r\000c\000i\000n\000g}{section.6.9}% 160
\BOOKMARK [2][-]{subsection.6.9.2}{\376\377\000P\000a\000t\000t\000e\000r\000n\000\040\000C\000Q\000R\000S\000\040\000\050\000C\000o\000m\000m\000a\000n\000d\000\040\000Q\000u\000e\000r\000y\000\040\000R\000e\000s\000p\000o\000n\000s\000i\000b\000i\000l\000i\000t\000y\000\040\000S\000e\000g\000r\000e\000g\000a\000t\000i\000o\000n\000\051}{section.6.9}% 161
\BOOKMARK [2][-]{subsection.6.9.3}{\376\377\000P\000a\000t\000t\000e\000r\000n\000\040\000C\000i\000r\000c\000u\000i\000t\000\040\000B\000r\000e\000a\000k\000e\000r}{section.6.9}% 162
\BOOKMARK [1][-]{section.6.10}{\376\377\000S\000t\000r\000a\000t\000\351\000g\000i\000e\000s\000\040\000d\000e\000\040\000S\000c\000a\000l\000a\000b\000i\000l\000i\000t\000\351}{chapter.6}% 163
\BOOKMARK [2][-]{subsection.6.10.1}{\376\377\000S\000c\000a\000l\000a\000b\000i\000l\000i\000t\000\351\000\040\000H\000o\000r\000i\000z\000o\000n\000t\000a\000l\000e}{section.6.10}% 164
\BOOKMARK [2][-]{subsection.6.10.2}{\376\377\000P\000a\000r\000t\000i\000t\000i\000o\000n\000n\000e\000m\000e\000n\000t\000\040\000K\000a\000f\000k\000a}{section.6.10}% 165
\BOOKMARK [1][-]{section.6.11}{\376\377\000S\000\351\000c\000u\000r\000i\000t\000\351}{chapter.6}% 166
\BOOKMARK [2][-]{subsection.6.11.1}{\376\377\000A\000u\000t\000h\000e\000n\000t\000i\000f\000i\000c\000a\000t\000i\000o\000n\000\040\000e\000t\000\040\000A\000u\000t\000o\000r\000i\000s\000a\000t\000i\000o\000n}{section.6.11}% 167
\BOOKMARK [2][-]{subsection.6.11.2}{\376\377\000R\000\364\000l\000e\000s\000\040\000e\000t\000\040\000P\000e\000r\000m\000i\000s\000s\000i\000o\000n\000s}{section.6.11}% 168
\BOOKMARK [1][-]{section.6.12}{\376\377\000P\000e\000r\000f\000o\000r\000m\000a\000n\000c\000e\000\040\000e\000t\000\040\000O\000p\000t\000i\000m\000i\000s\000a\000t\000i\000o\000n\000s}{chapter.6}% 169
\BOOKMARK [2][-]{subsection.6.12.1}{\376\377\000O\000b\000j\000e\000c\000t\000i\000f\000s\000\040\000d\000e\000\040\000P\000e\000r\000f\000o\000r\000m\000a\000n\000c\000e}{section.6.12}% 170
\BOOKMARK [2][-]{subsection.6.12.2}{\376\377\000O\000p\000t\000i\000m\000i\000s\000a\000t\000i\000o\000n\000s\000\040\000I\000m\000p\000l\000\351\000m\000e\000n\000t\000\351\000e\000s}{section.6.12}% 171
\BOOKMARK [1][-]{section.6.13}{\376\377\000P\000l\000a\000n\000\040\000d\000e\000\040\000R\000e\000p\000r\000i\000s\000e\000\040\000d\000'\000A\000c\000t\000i\000v\000i\000t\000\351\000\040\000\050\000D\000R\000P\000\051}{chapter.6}% 172
\BOOKMARK [2][-]{subsection.6.13.1}{\376\377\000S\000t\000r\000a\000t\000\351\000g\000i\000e\000s\000\040\000d\000e\000\040\000B\000a\000c\000k\000u\000p}{section.6.13}% 173
\BOOKMARK [1][-]{section.6.14}{\376\377\000D\000i\000a\000g\000r\000a\000m\000m\000e\000s\000\040\000d\000e\000\040\000S\000\351\000q\000u\000e\000n\000c\000e\000\040\000D\000\351\000t\000a\000i\000l\000l\000\351\000s}{chapter.6}% 174
\BOOKMARK [2][-]{subsection.6.14.1}{\376\377\000F\000l\000u\000x\000\040\000C\000o\000m\000p\000l\000e\000t\000\040\000d\000e\000\040\000T\000r\000a\000i\000t\000e\000m\000e\000n\000t}{section.6.14}% 175
\BOOKMARK [2][-]{subsection.6.14.2}{\376\377\000P\000r\000o\000c\000e\000s\000s\000u\000s\000\040\000d\000'\000E\000n\000t\000r\000a\000\356\000n\000e\000m\000e\000n\000t\000\040\000e\000t\000\040\000D\000\351\000p\000l\000o\000i\000e\000m\000e\000n\000t\000\040\000M\000L}{section.6.14}% 176
\BOOKMARK [1][-]{section.6.15}{\376\377\000C\000o\000n\000c\000l\000u\000s\000i\000o\000n}{chapter.6}% 177
\BOOKMARK [0][-]{chapter.7}{\376\377\000I\000m\000p\000l\000\351\000m\000e\000n\000t\000a\000t\000i\000o\000n}{}% 178
\BOOKMARK [1][-]{section.7.1}{\376\377\000I\000n\000t\000r\000o\000d\000u\000c\000t\000i\000o\000n}{chapter.7}% 179
\BOOKMARK [1][-]{section.7.2}{\376\377\000S\000t\000r\000u\000c\000t\000u\000r\000e\000\040\000d\000u\000\040\000P\000r\000o\000j\000e\000t}{chapter.7}% 180
\BOOKMARK [1][-]{section.7.3}{\376\377\000S\000e\000r\000v\000i\000c\000e\000\040\000d\000'\000I\000n\000g\000e\000s\000t\000i\000o\000n\000\040\000I\000I\000o\000T}{chapter.7}% 181
\BOOKMARK [2][-]{subsection.7.3.1}{\376\377\000M\000o\000d\000\350\000l\000e\000\040\000d\000e\000\040\000D\000o\000n\000n\000\351\000e\000s\000\040\000\050\000P\000y\000d\000a\000n\000t\000i\000c\000\051}{section.7.3}% 182
\BOOKMARK [2][-]{subsection.7.3.2}{\376\377\000C\000o\000n\000n\000e\000c\000t\000e\000u\000r\000\040\000O\000P\000C\000\040\000U\000A\000\040\000\050\000A\000s\000y\000n\000c\000i\000o\000\051}{section.7.3}% 183
\BOOKMARK [1][-]{section.7.4}{\376\377\000S\000e\000r\000v\000i\000c\000e\000\040\000d\000e\000\040\000P\000r\000\351\000d\000i\000c\000t\000i\000o\000n\000\040\000R\000U\000L}{chapter.7}% 184
\BOOKMARK [2][-]{subsection.7.4.1}{\376\377\000M\000o\000d\000\350\000l\000e\000\040\000L\000S\000T\000M\000\040\000\050\000P\000y\000T\000o\000r\000c\000h\000\051}{section.7.4}% 185
\BOOKMARK [2][-]{subsection.7.4.2}{\376\377\000A\000P\000I\000\040\000d\000'\000I\000n\000f\000\351\000r\000e\000n\000c\000e\000\040\000\050\000F\000a\000s\000t\000A\000P\000I\000\051}{section.7.4}% 186
\BOOKMARK [1][-]{section.7.5}{\376\377\000D\000a\000s\000h\000b\000o\000a\000r\000d\000\040\000R\000e\000a\000c\000t}{chapter.7}% 187
\BOOKMARK [2][-]{subsection.7.5.1}{\376\377\000C\000o\000m\000p\000o\000s\000a\000n\000t\000\040\000G\000r\000a\000p\000h\000i\000q\000u\000e\000\040\000R\000U\000L}{section.7.5}% 188
\BOOKMARK [1][-]{section.7.6}{\376\377\000S\000e\000r\000v\000i\000c\000e\000\040\000d\000e\000\040\000D\000\351\000t\000e\000c\000t\000i\000o\000n\000\040\000d\000'\000A\000n\000o\000m\000a\000l\000i\000e\000s}{chapter.7}% 189
\BOOKMARK [2][-]{subsection.7.6.1}{\376\377\000I\000m\000p\000l\000\351\000m\000e\000n\000t\000a\000t\000i\000o\000n\000\040\000I\000s\000o\000l\000a\000t\000i\000o\000n\000\040\000F\000o\000r\000e\000s\000t}{section.7.6}% 190
\BOOKMARK [2][-]{subsection.7.6.2}{\376\377\000A\000u\000t\000o\000e\000n\000c\000o\000d\000e\000r\000\040\000p\000o\000u\000r\000\040\000D\000\351\000t\000e\000c\000t\000i\000o\000n\000\040\000d\000'\000A\000n\000o\000m\000a\000l\000i\000e\000s}{section.7.6}% 191
\BOOKMARK [1][-]{section.7.7}{\376\377\000I\000n\000f\000r\000a\000s\000t\000r\000u\000c\000t\000u\000r\000e\000\040\000D\000o\000c\000k\000e\000r}{chapter.7}% 192
\BOOKMARK [2][-]{subsection.7.7.1}{\376\377\000D\000o\000c\000k\000e\000r\000f\000i\000l\000e\000\040\000M\000i\000c\000r\000o\000s\000e\000r\000v\000i\000c\000e\000\040\000P\000y\000t\000h\000o\000n}{section.7.7}% 193
\BOOKMARK [2][-]{subsection.7.7.2}{\376\377\000D\000o\000c\000k\000e\000r\000\040\000C\000o\000m\000p\000o\000s\000e\000\040\000I\000n\000f\000r\000a\000s\000t\000r\000u\000c\000t\000u\000r\000e}{section.7.7}% 194
\BOOKMARK [1][-]{section.7.8}{\376\377\000C\000o\000n\000f\000i\000g\000u\000r\000a\000t\000i\000o\000n\000\040\000K\000u\000b\000e\000r\000n\000e\000t\000e\000s}{chapter.7}% 195
\BOOKMARK [2][-]{subsection.7.8.1}{\376\377\000D\000e\000p\000l\000o\000y\000m\000e\000n\000t\000\040\000P\000r\000e\000d\000i\000c\000t\000i\000o\000n\000\040\000S\000e\000r\000v\000i\000c\000e}{section.7.8}% 196
\BOOKMARK [1][-]{section.7.9}{\376\377\000A\000P\000I\000\040\000R\000E\000S\000T\000\040\000C\000o\000m\000p\000l\000\350\000t\000e}{chapter.7}% 197
\BOOKMARK [2][-]{subsection.7.9.1}{\376\377\000E\000n\000d\000p\000o\000i\000n\000t\000s\000\040\000D\000a\000s\000h\000b\000o\000a\000r\000d\000\040\000A\000P\000I}{section.7.9}% 198
\BOOKMARK [1][-]{section.7.10}{\376\377\000C\000o\000n\000c\000l\000u\000s\000i\000o\000n}{chapter.7}% 199
\BOOKMARK [0][-]{chapter.8}{\376\377\000T\000e\000s\000t\000s\000\040\000e\000t\000\040\000V\000a\000l\000i\000d\000a\000t\000i\000o\000n}{}% 200
\BOOKMARK [1][-]{section.8.1}{\376\377\000S\000t\000r\000a\000t\000\351\000g\000i\000e\000\040\000d\000e\000\040\000T\000e\000s\000t\000s}{chapter.8}% 201
\BOOKMARK [1][-]{section.8.2}{\376\377\000T\000e\000s\000t\000s\000\040\000U\000n\000i\000t\000a\000i\000r\000e\000s\000\040\000P\000y\000t\000h\000o\000n}{chapter.8}% 202
\BOOKMARK [1][-]{section.8.3}{\376\377\000T\000e\000s\000t\000s\000\040\000U\000n\000i\000t\000a\000i\000r\000e\000s\000\040\000J\000a\000v\000a}{chapter.8}% 203
\BOOKMARK [1][-]{section.8.4}{\376\377\000C\000o\000u\000v\000e\000r\000t\000u\000r\000e\000\040\000d\000e\000\040\000C\000o\000d\000e}{chapter.8}% 204
\BOOKMARK [1][-]{section.8.5}{\376\377\000T\000e\000s\000t\000s\000\040\000d\000'\000I\000n\000t\000\351\000g\000r\000a\000t\000i\000o\000n}{chapter.8}% 205
\BOOKMARK [2][-]{subsection.8.5.1}{\376\377\000T\000e\000s\000t\000\040\000E\000n\000d\000-\000t\000o\000-\000E\000n\000d\000\040\000d\000u\000\040\000P\000i\000p\000e\000l\000i\000n\000e}{section.8.5}% 206
\BOOKMARK [2][-]{subsection.8.5.2}{\376\377\000T\000e\000s\000t\000s\000\040\000d\000e\000\040\000C\000h\000a\000r\000g\000e}{section.8.5}% 207
\BOOKMARK [1][-]{section.8.6}{\376\377\000V\000a\000l\000i\000d\000a\000t\000i\000o\000n\000\040\000d\000e\000s\000\040\000M\000o\000d\000\350\000l\000e\000s\000\040\000M\000L}{chapter.8}% 208
\BOOKMARK [2][-]{subsection.8.6.1}{\376\377\000M\000\351\000t\000r\000i\000q\000u\000e\000s\000\040\000d\000e\000\040\000P\000e\000r\000f\000o\000r\000m\000a\000n\000c\000e\000\040\000d\000u\000\040\000M\000o\000d\000\350\000l\000e\000\040\000L\000S\000T\000M}{section.8.6}% 209
\BOOKMARK [2][-]{subsection.8.6.2}{\376\377\000M\000a\000t\000r\000i\000c\000e\000\040\000d\000e\000\040\000C\000o\000n\000f\000u\000s\000i\000o\000n\000\040\000-\000\040\000D\000\351\000t\000e\000c\000t\000i\000o\000n\000\040\000d\000'\000A\000n\000o\000m\000a\000l\000i\000e\000s}{section.8.6}% 210
\BOOKMARK [1][-]{section.8.7}{\376\377\000T\000e\000s\000t\000s\000\040\000d\000e\000\040\000S\000\351\000c\000u\000r\000i\000t\000\351}{chapter.8}% 211
\BOOKMARK [2][-]{subsection.8.7.1}{\376\377\000S\000c\000a\000n\000\040\000d\000e\000\040\000V\000u\000l\000n\000\351\000r\000a\000b\000i\000l\000i\000t\000\351\000s}{section.8.7}% 212
\BOOKMARK [2][-]{subsection.8.7.2}{\376\377\000T\000e\000s\000t\000s\000\040\000d\000e\000\040\000P\000\351\000n\000\351\000t\000r\000a\000t\000i\000o\000n\000\040\000A\000P\000I}{section.8.7}% 213
\BOOKMARK [1][-]{section.8.8}{\376\377\000C\000I\000/\000C\000D\000\040\000e\000t\000\040\000A\000u\000t\000o\000m\000a\000t\000i\000s\000a\000t\000i\000o\000n}{chapter.8}% 214
\BOOKMARK [2][-]{subsection.8.8.1}{\376\377\000P\000i\000p\000e\000l\000i\000n\000e\000\040\000G\000i\000t\000H\000u\000b\000\040\000A\000c\000t\000i\000o\000n\000s}{section.8.8}% 215
\BOOKMARK [1][-]{section.8.9}{\376\377\000V\000a\000l\000i\000d\000a\000t\000i\000o\000n\000\040\000U\000t\000i\000l\000i\000s\000a\000t\000e\000u\000r}{chapter.8}% 216
\BOOKMARK [2][-]{subsection.8.9.1}{\376\377\000T\000e\000s\000t\000s\000\040\000d\000'\000A\000c\000c\000e\000p\000t\000a\000t\000i\000o\000n}{section.8.9}% 217
\BOOKMARK [1][-]{section.8.10}{\376\377\000C\000o\000n\000c\000l\000u\000s\000i\000o\000n}{chapter.8}% 218
\BOOKMARK [0][-]{chapter.9}{\376\377\000C\000o\000n\000c\000l\000u\000s\000i\000o\000n\000\040\000e\000t\000\040\000P\000e\000r\000s\000p\000e\000c\000t\000i\000v\000e\000s}{}% 219
\BOOKMARK [1][-]{section.9.1}{\376\377\000S\000y\000n\000t\000h\000\350\000s\000e}{chapter.9}% 220
\BOOKMARK [1][-]{section.9.2}{\376\377\000P\000e\000r\000s\000p\000e\000c\000t\000i\000v\000e\000s}{chapter.9}% 221
\BOOKMARK [1][-]{section.9.3}{\376\377\000C\000o\000n\000t\000r\000i\000b\000u\000t\000i\000o\000n\000s\000\040\000d\000u\000\040\000P\000r\000o\000j\000e\000t}{chapter.9}% 222
\BOOKMARK [2][-]{subsection.9.3.1}{\376\377\000C\000o\000n\000t\000r\000i\000b\000u\000t\000i\000o\000n\000s\000\040\000T\000e\000c\000h\000n\000i\000q\000u\000e\000s}{section.9.3}% 223
\BOOKMARK [2][-]{subsection.9.3.2}{\376\377\000C\000o\000n\000t\000r\000i\000b\000u\000t\000i\000o\000n\000s\000\040\000A\000c\000a\000d\000\351\000m\000i\000q\000u\000e\000s}{section.9.3}% 224
\BOOKMARK [1][-]{section.9.4}{\376\377\000C\000o\000m\000p\000\351\000t\000e\000n\000c\000e\000s\000\040\000D\000\351\000v\000e\000l\000o\000p\000p\000\351\000e\000s}{chapter.9}% 225
\BOOKMARK [1][-]{section.9.5}{\376\377\000D\000i\000f\000f\000i\000c\000u\000l\000t\000\351\000s\000\040\000R\000e\000n\000c\000o\000n\000t\000r\000\351\000e\000s\000\040\000e\000t\000\040\000S\000o\000l\000u\000t\000i\000o\000n\000s}{chapter.9}% 226
\BOOKMARK [2][-]{subsection.9.5.1}{\376\377\000D\000i\000f\000f\000i\000c\000u\000l\000t\000\351\000s\000\040\000T\000e\000c\000h\000n\000i\000q\000u\000e\000s}{section.9.5}% 227
\BOOKMARK [2][-]{subsection.9.5.2}{\376\377\000D\000i\000f\000f\000i\000c\000u\000l\000t\000\351\000s\000\040\000O\000r\000g\000a\000n\000i\000s\000a\000t\000i\000o\000n\000n\000e\000l\000l\000e\000s}{section.9.5}% 228
\BOOKMARK [1][-]{section.9.6}{\376\377\000I\000m\000p\000a\000c\000t\000\040\000e\000t\000\040\000B\000\351\000n\000\351\000f\000i\000c\000e\000s}{chapter.9}% 229
\BOOKMARK [2][-]{subsection.9.6.1}{\376\377\000I\000m\000p\000a\000c\000t\000\040\000\311\000c\000o\000n\000o\000m\000i\000q\000u\000e\000\040\000P\000o\000t\000e\000n\000t\000i\000e\000l}{section.9.6}% 230
\BOOKMARK [2][-]{subsection.9.6.2}{\376\377\000I\000m\000p\000a\000c\000t\000\040\000E\000n\000v\000i\000r\000o\000n\000n\000e\000m\000e\000n\000t\000a\000l}{section.9.6}% 231
\BOOKMARK [1][-]{section.9.7}{\376\377\000L\000e\000\347\000o\000n\000s\000\040\000A\000p\000p\000r\000i\000s\000e\000s}{chapter.9}% 232
\BOOKMARK [1][-]{section.9.8}{\376\377\000I\000m\000p\000a\000c\000t}{chapter.9}% 233
\BOOKMARK [0][-]{chapter*.61}{\376\377\000B\000i\000b\000l\000i\000o\000g\000r\000a\000p\000h\000i\000e}{}% 234
\BOOKMARK [0][-]{appendix.A}{\376\377\000D\000o\000c\000k\000e\000r\000\040\000C\000o\000m\000p\000o\000s\000e}{}% 235
